<?xml version="1.0" encoding="UTF-8"?>
<!-- Generated by org.testng.reporters.JUnitXMLReporter -->
<testsuite ignored="1" hostname="DESKTOP-1VT0AJD" failures="0" tests="3" name="Default test" time="0.124" errors="0" timestamp="2023-04-27T12:00:48 IST">
  <testcase classname="testngFiles.DependenyAnnot" name="OpeningBrowser" time="0.017"/>
  <testcase classname="testngFiles.DependenyAnnot" name="Timerelated" time="0.013"/>
  <testcase classname="testngFiles.DependenyAnnot" name="FlightBooking" time="0.002"/>
  <testcase classname="testngFiles.DependenyAnnot" name="Payment" time="0.0">
    <ignored/>
  </testcase> <!-- Payment -->
</testsuite> <!-- Default test -->
