<?xml version="1.0" encoding="UTF-8"?>
<testng-results ignored="1" total="4" passed="3" failed="0" skipped="0">
  <reporter-output>
  </reporter-output>
  <suite started-at="2023-04-27T12:00:48 IST" name="Default suite" finished-at="2023-04-27T12:00:48 IST" duration-ms="124">
    <groups>
    </groups>
    <test started-at="2023-04-27T12:00:48 IST" name="Default test" finished-at="2023-04-27T12:00:48 IST" duration-ms="124">
      <class name="testngFiles.DependenyAnnot">
        <test-method signature="OpeningBrowser()[pri:0, instance:testngFiles.DependenyAnnot@152aa092]" started-at="2023-04-27T12:00:48 IST" name="OpeningBrowser" finished-at="2023-04-27T12:00:48 IST" duration-ms="17" status="PASS">
          <reporter-output>
          </reporter-output>
        </test-method> <!-- OpeningBrowser -->
        <test-method signature="Timerelated()[pri:0, instance:testngFiles.DependenyAnnot@152aa092]" started-at="2023-04-27T12:00:48 IST" name="Timerelated" finished-at="2023-04-27T12:00:48 IST" duration-ms="13" status="PASS">
          <reporter-output>
          </reporter-output>
        </test-method> <!-- Timerelated -->
        <test-method signature="FlightBooking()[pri:0, instance:testngFiles.DependenyAnnot@152aa092]" started-at="2023-04-27T12:00:48 IST" name="FlightBooking" finished-at="2023-04-27T12:00:48 IST" depends-on-methods="testngFiles.DependenyAnnot.OpeningBrowser" duration-ms="2" status="PASS">
          <reporter-output>
          </reporter-output>
        </test-method> <!-- FlightBooking -->
      </class> <!-- testngFiles.DependenyAnnot -->
    </test> <!-- Default test -->
  </suite> <!-- Default suite -->
</testng-results>
